  test9.c
test10.obj : error LNK2019: 无法解析的外部符号 _ADD，函数 _main 中引用了该符号
D:\C-Code\test_07_13\Debug\test_7_15.exe : fatal error LNK1120: 1 个无法解析的外部命令
